2018/08/26 19:19:14 pre processing MarketPlace.sol
2018/08/26 19:19:14 pre processing EIP20.sol
2018/08/26 19:19:14 pre processing library/SafeMath.sol
2018/08/26 19:19:14 pre processing EIP20Interface.sol
2018/08/26 19:19:14 pre processing Store.sol
2018/08/26 19:19:14 pre processing library/Utils.sol
2018/08/26 19:19:14 EIP20.sol remains unresolved
2018/08/26 19:19:14 Resolved  SafeMath.sol
2018/08/26 19:19:14 MarketPlace.sol remains unresolved
2018/08/26 19:19:14 Resolved  EIP20Interface.sol
2018/08/26 19:19:14 Store.sol remains unresolved
2018/08/26 19:19:14 Resolved  Utils.sol
2018/08/26 19:19:14 Written Utils.sol (16) lines
2018/08/26 19:19:14 EIP20.sol remains unresolved
2018/08/26 19:19:14 Written SafeMath.sol (19) lines
2018/08/26 19:19:14 MarketPlace.sol remains unresolved
2018/08/26 19:19:14 Written EIP20Interface.sol (30) lines
2018/08/26 19:19:14 Store.sol remains unresolved
2018/08/26 19:19:14 Resolved  EIP20.sol
2018/08/26 19:19:14 MarketPlace.sol remains unresolved
2018/08/26 19:19:14 Store.sol remains unresolved
2018/08/26 19:19:14 Written EIP20.sol (162) lines
2018/08/26 19:19:14 MarketPlace.sol remains unresolved
2018/08/26 19:19:14 Resolved  Store.sol
2018/08/26 19:19:14 MarketPlace.sol remains unresolved
2018/08/26 19:19:14 Written Store.sol (349) lines
2018/08/26 19:19:14 Resolved  MarketPlace.sol
2018/08/26 19:19:14 Written MarketPlace.sol (223) lines
